<?xml version="1.0" encoding="UTF-8"?>
<testsuite name="com.mindhub.homebanking.HomebankingApplicationTests" tests="1" skipped="0" failures="0" errors="0" timestamp="2023-09-08T16:05:12" hostname="NOTEBOOK-FOA" time="0.404">
  <properties/>
  <testcase name="contextLoads()" classname="com.mindhub.homebanking.HomebankingApplicationTests" time="0.404"/>
  <system-out><![CDATA[13:04:44.972 [Test worker] DEBUG org.springframework.test.context.BootstrapUtils - Instantiating CacheAwareContextLoaderDelegate from class [org.springframework.test.context.cache.DefaultCacheAwareContextLoaderDelegate]
13:04:45.010 [Test worker] DEBUG org.springframework.test.context.BootstrapUtils - Instantiating BootstrapContext using constructor [public org.springframework.test.context.support.DefaultBootstrapContext(java.lang.Class,org.springframework.test.context.CacheAwareContextLoaderDelegate)]
13:04:45.113 [Test worker] DEBUG org.springframework.test.context.BootstrapUtils - Instantiating TestContextBootstrapper for test class [com.mindhub.homebanking.HomebankingApplicationTests] from class [org.springframework.boot.test.context.SpringBootTestContextBootstrapper]
13:04:45.165 [Test worker] INFO org.springframework.boot.test.context.SpringBootTestContextBootstrapper - Neither @ContextConfiguration nor @ContextHierarchy found for test class [com.mindhub.homebanking.HomebankingApplicationTests], using SpringBootContextLoader
13:04:45.186 [Test worker] DEBUG org.springframework.test.context.support.AbstractContextLoader - Did not detect default resource location for test class [com.mindhub.homebanking.HomebankingApplicationTests]: class path resource [com/mindhub/homebanking/HomebankingApplicationTests-context.xml] does not exist
13:04:45.188 [Test worker] DEBUG org.springframework.test.context.support.AbstractContextLoader - Did not detect default resource location for test class [com.mindhub.homebanking.HomebankingApplicationTests]: class path resource [com/mindhub/homebanking/HomebankingApplicationTestsContext.groovy] does not exist
13:04:45.189 [Test worker] INFO org.springframework.test.context.support.AbstractContextLoader - Could not detect default resource locations for test class [com.mindhub.homebanking.HomebankingApplicationTests]: no resource found for suffixes {-context.xml, Context.groovy}.
13:04:45.191 [Test worker] INFO org.springframework.test.context.support.AnnotationConfigContextLoaderUtils - Could not detect default configuration classes for test class [com.mindhub.homebanking.HomebankingApplicationTests]: HomebankingApplicationTests does not declare any static, non-private, non-final, nested classes annotated with @Configuration.
13:04:45.378 [Test worker] DEBUG org.springframework.test.context.support.ActiveProfilesUtils - Could not find an 'annotation declaring class' for annotation type [org.springframework.test.context.ActiveProfiles] and class [com.mindhub.homebanking.HomebankingApplicationTests]
13:04:45.590 [Test worker] DEBUG org.springframework.context.annotation.ClassPathScanningCandidateComponentProvider - Identified candidate component class: file [C:\Users\philb\Documents\MindHub\AP Java Backend\homebanking\build\classes\java\main\com\mindhub\homebanking\HomebankingApplication.class]
13:04:45.593 [Test worker] INFO org.springframework.boot.test.context.SpringBootTestContextBootstrapper - Found @SpringBootConfiguration com.mindhub.homebanking.HomebankingApplication for test class com.mindhub.homebanking.HomebankingApplicationTests
13:04:46.168 [Test worker] DEBUG org.springframework.boot.test.context.SpringBootTestContextBootstrapper - @TestExecutionListeners is not present for class [com.mindhub.homebanking.HomebankingApplicationTests]: using defaults.
13:04:46.170 [Test worker] INFO org.springframework.boot.test.context.SpringBootTestContextBootstrapper - Loaded default TestExecutionListener class names from location [META-INF/spring.factories]: [org.springframework.boot.test.autoconfigure.restdocs.RestDocsTestExecutionListener, org.springframework.boot.test.autoconfigure.web.client.MockRestServiceServerResetTestExecutionListener, org.springframework.boot.test.autoconfigure.web.servlet.MockMvcPrintOnlyOnFailureTestExecutionListener, org.springframework.boot.test.autoconfigure.web.servlet.WebDriverTestExecutionListener, org.springframework.boot.test.autoconfigure.webservices.client.MockWebServiceServerTestExecutionListener, org.springframework.boot.test.mock.mockito.MockitoTestExecutionListener, org.springframework.boot.test.mock.mockito.ResetMocksTestExecutionListener, org.springframework.test.context.web.ServletTestExecutionListener, org.springframework.test.context.support.DirtiesContextBeforeModesTestExecutionListener, org.springframework.test.context.event.ApplicationEventsTestExecutionListener, org.springframework.test.context.support.DependencyInjectionTestExecutionListener, org.springframework.test.context.support.DirtiesContextTestExecutionListener, org.springframework.test.context.transaction.TransactionalTestExecutionListener, org.springframework.test.context.jdbc.SqlScriptsTestExecutionListener, org.springframework.test.context.event.EventPublishingTestExecutionListener]
13:04:46.242 [Test worker] INFO org.springframework.boot.test.context.SpringBootTestContextBootstrapper - Using TestExecutionListeners: [org.springframework.test.context.web.ServletTestExecutionListener@88d6f9b, org.springframework.test.context.support.DirtiesContextBeforeModesTestExecutionListener@47d93e0d, org.springframework.test.context.event.ApplicationEventsTestExecutionListener@475b7792, org.springframework.boot.test.mock.mockito.MockitoTestExecutionListener@751e664e, org.springframework.boot.test.autoconfigure.SpringBootDependencyInjectionTestExecutionListener@160c3ec1, org.springframework.test.context.support.DirtiesContextTestExecutionListener@182b435b, org.springframework.test.context.transaction.TransactionalTestExecutionListener@4d0402b, org.springframework.test.context.jdbc.SqlScriptsTestExecutionListener@2fa7ae9, org.springframework.test.context.event.EventPublishingTestExecutionListener@7577b641, org.springframework.boot.test.autoconfigure.restdocs.RestDocsTestExecutionListener@3704122f, org.springframework.boot.test.autoconfigure.web.client.MockRestServiceServerResetTestExecutionListener@3153ddfc, org.springframework.boot.test.autoconfigure.web.servlet.MockMvcPrintOnlyOnFailureTestExecutionListener@60afd40d, org.springframework.boot.test.autoconfigure.web.servlet.WebDriverTestExecutionListener@28a2a3e7, org.springframework.boot.test.autoconfigure.webservices.client.MockWebServiceServerTestExecutionListener@3f2049b6, org.springframework.boot.test.mock.mockito.ResetMocksTestExecutionListener@10b3df93]
13:04:46.252 [Test worker] DEBUG org.springframework.test.context.support.AbstractDirtiesContextTestExecutionListener - Before test class: context [DefaultTestContext@5a2f016d testClass = HomebankingApplicationTests, testInstance = [null], testMethod = [null], testException = [null], mergedContextConfiguration = [WebMergedContextConfiguration@1a38ba58 testClass = HomebankingApplicationTests, locations = '{}', classes = '{class com.mindhub.homebanking.HomebankingApplication}', contextInitializerClasses = '[]', activeProfiles = '{}', propertySourceLocations = '{}', propertySourceProperties = '{org.springframework.boot.test.context.SpringBootTestContextBootstrapper=true}', contextCustomizers = set[org.springframework.boot.test.autoconfigure.actuate.metrics.MetricsExportContextCustomizerFactory$DisableMetricExportContextCustomizer@201b6b6f, org.springframework.boot.test.autoconfigure.properties.PropertyMappingContextCustomizer@0, org.springframework.boot.test.autoconfigure.web.servlet.WebDriverContextCustomizerFactory$Customizer@18230356, org.springframework.boot.test.context.filter.ExcludeFilterContextCustomizer@60d1a32f, org.springframework.boot.test.json.DuplicateJsonObjectContextCustomizerFactory$DuplicateJsonObjectContextCustomizer@40c80397, org.springframework.boot.test.mock.mockito.MockitoContextCustomizer@0, org.springframework.boot.test.web.client.TestRestTemplateContextCustomizer@47db5fa5, org.springframework.boot.test.context.SpringBootTestArgs@1, org.springframework.boot.test.context.SpringBootTestWebEnvironment@205d38da], resourceBasePath = 'src/main/webapp', contextLoader = 'org.springframework.boot.test.context.SpringBootContextLoader', parent = [null]], attributes = map['org.springframework.test.context.web.ServletTestExecutionListener.activateListener' -> true]], class annotated with @DirtiesContext [false] with mode [null].

  .   ____          _            __ _ _
 /\\ / ___'_ __ _ _(_)_ __  __ _ \ \ \ \
( ( )\___ | '_ | '_| | '_ \/ _` | \ \ \ \
 \\/  ___)| |_)| | | | | || (_| |  ) ) ) )
  '  |____| .__|_| |_|_| |_\__, | / / / /
 =========|_|==============|___/=/_/_/_/
 :: Spring Boot ::               (v2.7.14)

2023-09-08 13:04:47.616  INFO 9804 --- [    Test worker] c.m.h.HomebankingApplicationTests        : Starting HomebankingApplicationTests using Java 11.0.20 on NOTEBOOK-FOA with PID 9804 (started by philb in C:\Users\philb\Documents\MindHub\AP Java Backend\homebanking)
2023-09-08 13:04:47.620  INFO 9804 --- [    Test worker] c.m.h.HomebankingApplicationTests        : No active profile set, falling back to 1 default profile: "default"
2023-09-08 13:04:50.445  INFO 9804 --- [    Test worker] .s.d.r.c.RepositoryConfigurationDelegate : Bootstrapping Spring Data JPA repositories in DEFAULT mode.
2023-09-08 13:04:50.882  INFO 9804 --- [    Test worker] .s.d.r.c.RepositoryConfigurationDelegate : Finished Spring Data repository scanning in 357 ms. Found 6 JPA repository interfaces.
2023-09-08 13:04:53.671  INFO 9804 --- [    Test worker] o.hibernate.jpa.internal.util.LogHelper  : HHH000204: Processing PersistenceUnitInfo [name: default]
2023-09-08 13:04:53.961  INFO 9804 --- [    Test worker] org.hibernate.Version                    : HHH000412: Hibernate ORM core version 5.6.15.Final
2023-09-08 13:04:54.520  INFO 9804 --- [    Test worker] o.hibernate.annotations.common.Version   : HCANN000001: Hibernate Commons Annotations {5.1.2.Final}
2023-09-08 13:04:55.101  INFO 9804 --- [    Test worker] com.zaxxer.hikari.HikariDataSource       : HikariPool-1 - Starting...
2023-09-08 13:04:56.770  INFO 9804 --- [    Test worker] com.zaxxer.hikari.HikariDataSource       : HikariPool-1 - Start completed.
2023-09-08 13:04:56.832  INFO 9804 --- [    Test worker] org.hibernate.dialect.Dialect            : HHH000400: Using dialect: org.hibernate.dialect.PostgreSQL9Dialect
2023-09-08 13:05:04.659  INFO 9804 --- [    Test worker] o.h.e.t.j.p.i.JtaPlatformInitiator       : HHH000490: Using JtaPlatform implementation: [org.hibernate.engine.transaction.jta.platform.internal.NoJtaPlatform]
2023-09-08 13:05:04.683  INFO 9804 --- [    Test worker] j.LocalContainerEntityManagerFactoryBean : Initialized JPA EntityManagerFactory for persistence unit 'default'
2023-09-08 13:05:07.731  INFO 9804 --- [    Test worker] o.s.s.web.DefaultSecurityFilterChain     : Will secure any request with [org.springframework.security.web.session.DisableEncodeUrlFilter@739be7ec, org.springframework.security.web.context.request.async.WebAsyncManagerIntegrationFilter@1df2e767, org.springframework.security.web.context.SecurityContextPersistenceFilter@2f69d246, org.springframework.security.web.header.HeaderWriterFilter@3f12676, org.springframework.security.web.authentication.logout.LogoutFilter@77fecd2c, org.springframework.security.web.authentication.UsernamePasswordAuthenticationFilter@22f7bf36, org.springframework.security.web.savedrequest.RequestCacheAwareFilter@48928b57, org.springframework.security.web.servletapi.SecurityContextHolderAwareRequestFilter@29088be1, org.springframework.security.web.authentication.AnonymousAuthenticationFilter@4d0d568f, org.springframework.security.web.session.SessionManagementFilter@64cec4d0, org.springframework.security.web.access.ExceptionTranslationFilter@3fcb737, org.springframework.security.web.access.intercept.FilterSecurityInterceptor@4806fbf7]
2023-09-08 13:05:08.540  WARN 9804 --- [    Test worker] JpaBaseConfiguration$JpaWebConfiguration : spring.jpa.open-in-view is enabled by default. Therefore, database queries may be performed during view rendering. Explicitly configure spring.jpa.open-in-view to disable this warning
2023-09-08 13:05:12.456  INFO 9804 --- [    Test worker] c.m.h.HomebankingApplicationTests        : Started HomebankingApplicationTests in 26.101 seconds (JVM running for 31.832)
]]></system-out>
  <system-err><![CDATA[]]></system-err>
</testsuite>
