<?xml version="1.0" encoding="UTF-8"?>
<testsuite name="com.mindhub.homebanking.utils.CardUtilsTest" tests="1" skipped="0" failures="0" errors="0" timestamp="2023-09-13T17:54:08" hostname="NOTEBOOK-FOA" time="0.436">
  <properties/>
  <testcase name="randomCardNumber()" classname="com.mindhub.homebanking.utils.CardUtilsTest" time="0.436"/>
  <system-out><![CDATA[14:53:50.283 [Test worker] DEBUG org.springframework.test.context.BootstrapUtils - Instantiating CacheAwareContextLoaderDelegate from class [org.springframework.test.context.cache.DefaultCacheAwareContextLoaderDelegate]
14:53:50.324 [Test worker] DEBUG org.springframework.test.context.BootstrapUtils - Instantiating BootstrapContext using constructor [public org.springframework.test.context.support.DefaultBootstrapContext(java.lang.Class,org.springframework.test.context.CacheAwareContextLoaderDelegate)]
14:53:50.430 [Test worker] DEBUG org.springframework.test.context.BootstrapUtils - Instantiating TestContextBootstrapper for test class [com.mindhub.homebanking.utils.CardUtilsTest] from class [org.springframework.boot.test.context.SpringBootTestContextBootstrapper]
14:53:50.480 [Test worker] INFO org.springframework.boot.test.context.SpringBootTestContextBootstrapper - Neither @ContextConfiguration nor @ContextHierarchy found for test class [com.mindhub.homebanking.utils.CardUtilsTest], using SpringBootContextLoader
14:53:50.494 [Test worker] DEBUG org.springframework.test.context.support.AbstractContextLoader - Did not detect default resource location for test class [com.mindhub.homebanking.utils.CardUtilsTest]: class path resource [com/mindhub/homebanking/utils/CardUtilsTest-context.xml] does not exist
14:53:50.495 [Test worker] DEBUG org.springframework.test.context.support.AbstractContextLoader - Did not detect default resource location for test class [com.mindhub.homebanking.utils.CardUtilsTest]: class path resource [com/mindhub/homebanking/utils/CardUtilsTestContext.groovy] does not exist
14:53:50.496 [Test worker] INFO org.springframework.test.context.support.AbstractContextLoader - Could not detect default resource locations for test class [com.mindhub.homebanking.utils.CardUtilsTest]: no resource found for suffixes {-context.xml, Context.groovy}.
14:53:50.501 [Test worker] INFO org.springframework.test.context.support.AnnotationConfigContextLoaderUtils - Could not detect default configuration classes for test class [com.mindhub.homebanking.utils.CardUtilsTest]: CardUtilsTest does not declare any static, non-private, non-final, nested classes annotated with @Configuration.
14:53:50.621 [Test worker] DEBUG org.springframework.test.context.support.ActiveProfilesUtils - Could not find an 'annotation declaring class' for annotation type [org.springframework.test.context.ActiveProfiles] and class [com.mindhub.homebanking.utils.CardUtilsTest]
14:53:50.862 [Test worker] DEBUG org.springframework.context.annotation.ClassPathScanningCandidateComponentProvider - Identified candidate component class: file [C:\Users\philb\Documents\MindHub\AP Java Backend\homebanking\build\classes\java\main\com\mindhub\homebanking\HomebankingApplication.class]
14:53:50.867 [Test worker] INFO org.springframework.boot.test.context.SpringBootTestContextBootstrapper - Found @SpringBootConfiguration com.mindhub.homebanking.HomebankingApplication for test class com.mindhub.homebanking.utils.CardUtilsTest
14:53:51.178 [Test worker] DEBUG org.springframework.boot.test.context.SpringBootTestContextBootstrapper - @TestExecutionListeners is not present for class [com.mindhub.homebanking.utils.CardUtilsTest]: using defaults.
14:53:51.180 [Test worker] INFO org.springframework.boot.test.context.SpringBootTestContextBootstrapper - Loaded default TestExecutionListener class names from location [META-INF/spring.factories]: [org.springframework.boot.test.autoconfigure.restdocs.RestDocsTestExecutionListener, org.springframework.boot.test.autoconfigure.web.client.MockRestServiceServerResetTestExecutionListener, org.springframework.boot.test.autoconfigure.web.servlet.MockMvcPrintOnlyOnFailureTestExecutionListener, org.springframework.boot.test.autoconfigure.web.servlet.WebDriverTestExecutionListener, org.springframework.boot.test.autoconfigure.webservices.client.MockWebServiceServerTestExecutionListener, org.springframework.boot.test.mock.mockito.MockitoTestExecutionListener, org.springframework.boot.test.mock.mockito.ResetMocksTestExecutionListener, org.springframework.test.context.web.ServletTestExecutionListener, org.springframework.test.context.support.DirtiesContextBeforeModesTestExecutionListener, org.springframework.test.context.event.ApplicationEventsTestExecutionListener, org.springframework.test.context.support.DependencyInjectionTestExecutionListener, org.springframework.test.context.support.DirtiesContextTestExecutionListener, org.springframework.test.context.transaction.TransactionalTestExecutionListener, org.springframework.test.context.jdbc.SqlScriptsTestExecutionListener, org.springframework.test.context.event.EventPublishingTestExecutionListener]
14:53:51.227 [Test worker] INFO org.springframework.boot.test.context.SpringBootTestContextBootstrapper - Using TestExecutionListeners: [org.springframework.test.context.web.ServletTestExecutionListener@7bd69e82, org.springframework.test.context.support.DirtiesContextBeforeModesTestExecutionListener@74d7184a, org.springframework.test.context.event.ApplicationEventsTestExecutionListener@51b01960, org.springframework.boot.test.mock.mockito.MockitoTestExecutionListener@6831d8fd, org.springframework.boot.test.autoconfigure.SpringBootDependencyInjectionTestExecutionListener@27dc79f7, org.springframework.test.context.support.DirtiesContextTestExecutionListener@6b85300e, org.springframework.test.context.transaction.TransactionalTestExecutionListener@3aaf4f07, org.springframework.test.context.jdbc.SqlScriptsTestExecutionListener@5cbf9e9f, org.springframework.test.context.event.EventPublishingTestExecutionListener@18e8473e, org.springframework.boot.test.autoconfigure.restdocs.RestDocsTestExecutionListener@5a2f016d, org.springframework.boot.test.autoconfigure.web.client.MockRestServiceServerResetTestExecutionListener@1a38ba58, org.springframework.boot.test.autoconfigure.web.servlet.MockMvcPrintOnlyOnFailureTestExecutionListener@3ad394e6, org.springframework.boot.test.autoconfigure.web.servlet.WebDriverTestExecutionListener@6058e535, org.springframework.boot.test.autoconfigure.webservices.client.MockWebServiceServerTestExecutionListener@42deb43a, org.springframework.boot.test.mock.mockito.ResetMocksTestExecutionListener@1deb2c43]
14:53:51.236 [Test worker] DEBUG org.springframework.test.context.support.AbstractDirtiesContextTestExecutionListener - Before test class: context [DefaultTestContext@47a64f7d testClass = CardUtilsTest, testInstance = [null], testMethod = [null], testException = [null], mergedContextConfiguration = [WebMergedContextConfiguration@33d05366 testClass = CardUtilsTest, locations = '{}', classes = '{class com.mindhub.homebanking.HomebankingApplication}', contextInitializerClasses = '[]', activeProfiles = '{}', propertySourceLocations = '{}', propertySourceProperties = '{org.springframework.boot.test.context.SpringBootTestContextBootstrapper=true}', contextCustomizers = set[org.springframework.boot.test.autoconfigure.actuate.metrics.MetricsExportContextCustomizerFactory$DisableMetricExportContextCustomizer@4ee37ca3, org.springframework.boot.test.autoconfigure.properties.PropertyMappingContextCustomizer@0, org.springframework.boot.test.autoconfigure.web.servlet.WebDriverContextCustomizerFactory$Customizer@7446d8d5, org.springframework.boot.test.context.filter.ExcludeFilterContextCustomizer@306851c7, org.springframework.boot.test.json.DuplicateJsonObjectContextCustomizerFactory$DuplicateJsonObjectContextCustomizer@41813449, org.springframework.boot.test.mock.mockito.MockitoContextCustomizer@0, org.springframework.boot.test.web.client.TestRestTemplateContextCustomizer@19fb8826, org.springframework.boot.test.context.SpringBootTestArgs@1, org.springframework.boot.test.context.SpringBootTestWebEnvironment@23202fce], resourceBasePath = 'src/main/webapp', contextLoader = 'org.springframework.boot.test.context.SpringBootContextLoader', parent = [null]], attributes = map['org.springframework.test.context.web.ServletTestExecutionListener.activateListener' -> true]], class annotated with @DirtiesContext [false] with mode [null].

  .   ____          _            __ _ _
 /\\ / ___'_ __ _ _(_)_ __  __ _ \ \ \ \
( ( )\___ | '_ | '_| | '_ \/ _` | \ \ \ \
 \\/  ___)| |_)| | | | | || (_| |  ) ) ) )
  '  |____| .__|_| |_|_| |_\__, | / / / /
 =========|_|==============|___/=/_/_/_/
 :: Spring Boot ::               (v2.7.14)

2023-09-13 14:53:52.328  INFO 16908 --- [    Test worker] c.m.homebanking.utils.CardUtilsTest      : Starting CardUtilsTest using Java 11.0.20.1 on NOTEBOOK-FOA with PID 16908 (started by philb in C:\Users\philb\Documents\MindHub\AP Java Backend\homebanking)
2023-09-13 14:53:52.337  INFO 16908 --- [    Test worker] c.m.homebanking.utils.CardUtilsTest      : No active profile set, falling back to 1 default profile: "default"
2023-09-13 14:53:54.833  INFO 16908 --- [    Test worker] .s.d.r.c.RepositoryConfigurationDelegate : Bootstrapping Spring Data JPA repositories in DEFAULT mode.
2023-09-13 14:53:55.088  INFO 16908 --- [    Test worker] .s.d.r.c.RepositoryConfigurationDelegate : Finished Spring Data repository scanning in 223 ms. Found 6 JPA repository interfaces.
2023-09-13 14:53:57.252  INFO 16908 --- [    Test worker] o.hibernate.jpa.internal.util.LogHelper  : HHH000204: Processing PersistenceUnitInfo [name: default]
2023-09-13 14:53:57.482  INFO 16908 --- [    Test worker] org.hibernate.Version                    : HHH000412: Hibernate ORM core version 5.6.15.Final
2023-09-13 14:53:58.061  INFO 16908 --- [    Test worker] o.hibernate.annotations.common.Version   : HCANN000001: Hibernate Commons Annotations {5.1.2.Final}
2023-09-13 14:53:58.458  INFO 16908 --- [    Test worker] com.zaxxer.hikari.HikariDataSource       : HikariPool-1 - Starting...
2023-09-13 14:53:58.987  INFO 16908 --- [    Test worker] com.zaxxer.hikari.HikariDataSource       : HikariPool-1 - Start completed.
2023-09-13 14:53:59.057  INFO 16908 --- [    Test worker] org.hibernate.dialect.Dialect            : HHH000400: Using dialect: org.hibernate.dialect.PostgreSQL9Dialect
2023-09-13 14:54:01.927  INFO 16908 --- [    Test worker] o.h.e.t.j.p.i.JtaPlatformInitiator       : HHH000490: Using JtaPlatform implementation: [org.hibernate.engine.transaction.jta.platform.internal.NoJtaPlatform]
2023-09-13 14:54:01.951  INFO 16908 --- [    Test worker] j.LocalContainerEntityManagerFactoryBean : Initialized JPA EntityManagerFactory for persistence unit 'default'
2023-09-13 14:54:04.719  INFO 16908 --- [    Test worker] o.s.s.web.DefaultSecurityFilterChain     : Will secure any request with [org.springframework.security.web.session.DisableEncodeUrlFilter@433db56d, org.springframework.security.web.context.request.async.WebAsyncManagerIntegrationFilter@e23af91, org.springframework.security.web.context.SecurityContextPersistenceFilter@63c163e1, org.springframework.security.web.header.HeaderWriterFilter@1aebe759, org.springframework.security.web.authentication.logout.LogoutFilter@7f839ec5, org.springframework.security.web.authentication.UsernamePasswordAuthenticationFilter@2e4d252, org.springframework.security.web.savedrequest.RequestCacheAwareFilter@5b2fc2c0, org.springframework.security.web.servletapi.SecurityContextHolderAwareRequestFilter@33197c2f, org.springframework.security.web.authentication.AnonymousAuthenticationFilter@396ec737, org.springframework.security.web.session.SessionManagementFilter@590336ed, org.springframework.security.web.access.ExceptionTranslationFilter@67730dab, org.springframework.security.web.access.intercept.FilterSecurityInterceptor@20706e70]
2023-09-13 14:54:05.374  WARN 16908 --- [    Test worker] JpaBaseConfiguration$JpaWebConfiguration : spring.jpa.open-in-view is enabled by default. Therefore, database queries may be performed during view rendering. Explicitly configure spring.jpa.open-in-view to disable this warning
2023-09-13 14:54:08.695  INFO 16908 --- [    Test worker] c.m.homebanking.utils.CardUtilsTest      : Started CardUtilsTest in 17.37 seconds (JVM running for 21.466)
]]></system-out>
  <system-err><![CDATA[]]></system-err>
</testsuite>
