<?xml version="1.0" encoding="UTF-8"?>
<testsuite name="com.mindhub.homebanking.HomebankingApplicationTests" tests="1" skipped="0" failures="0" errors="0" timestamp="2023-09-07T13:30:20" hostname="NOTEBOOK-FOA" time="0.618">
  <properties/>
  <testcase name="contextLoads()" classname="com.mindhub.homebanking.HomebankingApplicationTests" time="0.618"/>
  <system-out><![CDATA[10:29:51.849 [Test worker] DEBUG org.springframework.test.context.BootstrapUtils - Instantiating CacheAwareContextLoaderDelegate from class [org.springframework.test.context.cache.DefaultCacheAwareContextLoaderDelegate]
10:29:51.905 [Test worker] DEBUG org.springframework.test.context.BootstrapUtils - Instantiating BootstrapContext using constructor [public org.springframework.test.context.support.DefaultBootstrapContext(java.lang.Class,org.springframework.test.context.CacheAwareContextLoaderDelegate)]
10:29:52.005 [Test worker] DEBUG org.springframework.test.context.BootstrapUtils - Instantiating TestContextBootstrapper for test class [com.mindhub.homebanking.HomebankingApplicationTests] from class [org.springframework.boot.test.context.SpringBootTestContextBootstrapper]
10:29:52.044 [Test worker] INFO org.springframework.boot.test.context.SpringBootTestContextBootstrapper - Neither @ContextConfiguration nor @ContextHierarchy found for test class [com.mindhub.homebanking.HomebankingApplicationTests], using SpringBootContextLoader
10:29:52.058 [Test worker] DEBUG org.springframework.test.context.support.AbstractContextLoader - Did not detect default resource location for test class [com.mindhub.homebanking.HomebankingApplicationTests]: class path resource [com/mindhub/homebanking/HomebankingApplicationTests-context.xml] does not exist
10:29:52.061 [Test worker] DEBUG org.springframework.test.context.support.AbstractContextLoader - Did not detect default resource location for test class [com.mindhub.homebanking.HomebankingApplicationTests]: class path resource [com/mindhub/homebanking/HomebankingApplicationTestsContext.groovy] does not exist
10:29:52.062 [Test worker] INFO org.springframework.test.context.support.AbstractContextLoader - Could not detect default resource locations for test class [com.mindhub.homebanking.HomebankingApplicationTests]: no resource found for suffixes {-context.xml, Context.groovy}.
10:29:52.064 [Test worker] INFO org.springframework.test.context.support.AnnotationConfigContextLoaderUtils - Could not detect default configuration classes for test class [com.mindhub.homebanking.HomebankingApplicationTests]: HomebankingApplicationTests does not declare any static, non-private, non-final, nested classes annotated with @Configuration.
10:29:52.196 [Test worker] DEBUG org.springframework.test.context.support.ActiveProfilesUtils - Could not find an 'annotation declaring class' for annotation type [org.springframework.test.context.ActiveProfiles] and class [com.mindhub.homebanking.HomebankingApplicationTests]
10:29:52.400 [Test worker] DEBUG org.springframework.context.annotation.ClassPathScanningCandidateComponentProvider - Identified candidate component class: file [C:\Users\philb\Documents\MindHub\AP Java Backend\homebanking\build\classes\java\main\com\mindhub\homebanking\HomebankingApplication.class]
10:29:52.404 [Test worker] INFO org.springframework.boot.test.context.SpringBootTestContextBootstrapper - Found @SpringBootConfiguration com.mindhub.homebanking.HomebankingApplication for test class com.mindhub.homebanking.HomebankingApplicationTests
10:29:52.757 [Test worker] DEBUG org.springframework.boot.test.context.SpringBootTestContextBootstrapper - @TestExecutionListeners is not present for class [com.mindhub.homebanking.HomebankingApplicationTests]: using defaults.
10:29:52.758 [Test worker] INFO org.springframework.boot.test.context.SpringBootTestContextBootstrapper - Loaded default TestExecutionListener class names from location [META-INF/spring.factories]: [org.springframework.boot.test.autoconfigure.restdocs.RestDocsTestExecutionListener, org.springframework.boot.test.autoconfigure.web.client.MockRestServiceServerResetTestExecutionListener, org.springframework.boot.test.autoconfigure.web.servlet.MockMvcPrintOnlyOnFailureTestExecutionListener, org.springframework.boot.test.autoconfigure.web.servlet.WebDriverTestExecutionListener, org.springframework.boot.test.autoconfigure.webservices.client.MockWebServiceServerTestExecutionListener, org.springframework.boot.test.mock.mockito.MockitoTestExecutionListener, org.springframework.boot.test.mock.mockito.ResetMocksTestExecutionListener, org.springframework.test.context.web.ServletTestExecutionListener, org.springframework.test.context.support.DirtiesContextBeforeModesTestExecutionListener, org.springframework.test.context.event.ApplicationEventsTestExecutionListener, org.springframework.test.context.support.DependencyInjectionTestExecutionListener, org.springframework.test.context.support.DirtiesContextTestExecutionListener, org.springframework.test.context.transaction.TransactionalTestExecutionListener, org.springframework.test.context.jdbc.SqlScriptsTestExecutionListener, org.springframework.test.context.event.EventPublishingTestExecutionListener]
10:29:52.815 [Test worker] INFO org.springframework.boot.test.context.SpringBootTestContextBootstrapper - Using TestExecutionListeners: [org.springframework.test.context.web.ServletTestExecutionListener@7577b641, org.springframework.test.context.support.DirtiesContextBeforeModesTestExecutionListener@3704122f, org.springframework.test.context.event.ApplicationEventsTestExecutionListener@3153ddfc, org.springframework.boot.test.mock.mockito.MockitoTestExecutionListener@60afd40d, org.springframework.boot.test.autoconfigure.SpringBootDependencyInjectionTestExecutionListener@28a2a3e7, org.springframework.test.context.support.DirtiesContextTestExecutionListener@3f2049b6, org.springframework.test.context.transaction.TransactionalTestExecutionListener@10b3df93, org.springframework.test.context.jdbc.SqlScriptsTestExecutionListener@ea27e34, org.springframework.test.context.event.EventPublishingTestExecutionListener@33a2499c, org.springframework.boot.test.autoconfigure.restdocs.RestDocsTestExecutionListener@e72dba7, org.springframework.boot.test.autoconfigure.web.client.MockRestServiceServerResetTestExecutionListener@33c2bd, org.springframework.boot.test.autoconfigure.web.servlet.MockMvcPrintOnlyOnFailureTestExecutionListener@1dfd5f51, org.springframework.boot.test.autoconfigure.web.servlet.WebDriverTestExecutionListener@3c321bdb, org.springframework.boot.test.autoconfigure.webservices.client.MockWebServiceServerTestExecutionListener@24855019, org.springframework.boot.test.mock.mockito.ResetMocksTestExecutionListener@3abd581e]
10:29:52.825 [Test worker] DEBUG org.springframework.test.context.support.AbstractDirtiesContextTestExecutionListener - Before test class: context [DefaultTestContext@2b27cc70 testClass = HomebankingApplicationTests, testInstance = [null], testMethod = [null], testException = [null], mergedContextConfiguration = [WebMergedContextConfiguration@6f6a7463 testClass = HomebankingApplicationTests, locations = '{}', classes = '{class com.mindhub.homebanking.HomebankingApplication}', contextInitializerClasses = '[]', activeProfiles = '{}', propertySourceLocations = '{}', propertySourceProperties = '{org.springframework.boot.test.context.SpringBootTestContextBootstrapper=true}', contextCustomizers = set[org.springframework.boot.test.autoconfigure.actuate.metrics.MetricsExportContextCustomizerFactory$DisableMetricExportContextCustomizer@1698ee84, org.springframework.boot.test.autoconfigure.properties.PropertyMappingContextCustomizer@0, org.springframework.boot.test.autoconfigure.web.servlet.WebDriverContextCustomizerFactory$Customizer@4ee37ca3, org.springframework.boot.test.context.filter.ExcludeFilterContextCustomizer@422c3c7a, org.springframework.boot.test.json.DuplicateJsonObjectContextCustomizerFactory$DuplicateJsonObjectContextCustomizer@75e91545, org.springframework.boot.test.mock.mockito.MockitoContextCustomizer@0, org.springframework.boot.test.web.client.TestRestTemplateContextCustomizer@4fbda97b, org.springframework.boot.test.context.SpringBootTestArgs@1, org.springframework.boot.test.context.SpringBootTestWebEnvironment@16c069df], resourceBasePath = 'src/main/webapp', contextLoader = 'org.springframework.boot.test.context.SpringBootContextLoader', parent = [null]], attributes = map['org.springframework.test.context.web.ServletTestExecutionListener.activateListener' -> true]], class annotated with @DirtiesContext [false] with mode [null].

  .   ____          _            __ _ _
 /\\ / ___'_ __ _ _(_)_ __  __ _ \ \ \ \
( ( )\___ | '_ | '_| | '_ \/ _` | \ \ \ \
 \\/  ___)| |_)| | | | | || (_| |  ) ) ) )
  '  |____| .__|_| |_|_| |_\__, | / / / /
 =========|_|==============|___/=/_/_/_/
 :: Spring Boot ::               (v2.7.14)

2023-09-07 10:29:53.943  INFO 9260 --- [    Test worker] c.m.h.HomebankingApplicationTests        : Starting HomebankingApplicationTests using Java 11.0.20 on NOTEBOOK-FOA with PID 9260 (started by philb in C:\Users\philb\Documents\MindHub\AP Java Backend\homebanking)
2023-09-07 10:29:53.949  INFO 9260 --- [    Test worker] c.m.h.HomebankingApplicationTests        : No active profile set, falling back to 1 default profile: "default"
2023-09-07 10:29:56.377  INFO 9260 --- [    Test worker] .s.d.r.c.RepositoryConfigurationDelegate : Bootstrapping Spring Data JPA repositories in DEFAULT mode.
2023-09-07 10:29:56.741  INFO 9260 --- [    Test worker] .s.d.r.c.RepositoryConfigurationDelegate : Finished Spring Data repository scanning in 328 ms. Found 6 JPA repository interfaces.
2023-09-07 10:29:59.093  INFO 9260 --- [    Test worker] o.hibernate.jpa.internal.util.LogHelper  : HHH000204: Processing PersistenceUnitInfo [name: default]
2023-09-07 10:29:59.372  INFO 9260 --- [    Test worker] org.hibernate.Version                    : HHH000412: Hibernate ORM core version 5.6.15.Final
2023-09-07 10:30:00.067  INFO 9260 --- [    Test worker] o.hibernate.annotations.common.Version   : HCANN000001: Hibernate Commons Annotations {5.1.2.Final}
2023-09-07 10:30:00.514  INFO 9260 --- [    Test worker] com.zaxxer.hikari.HikariDataSource       : HikariPool-1 - Starting...
2023-09-07 10:30:02.199  INFO 9260 --- [    Test worker] com.zaxxer.hikari.HikariDataSource       : HikariPool-1 - Start completed.
2023-09-07 10:30:02.269  INFO 9260 --- [    Test worker] org.hibernate.dialect.Dialect            : HHH000400: Using dialect: org.hibernate.dialect.PostgreSQL9Dialect
2023-09-07 10:30:11.207  INFO 9260 --- [    Test worker] o.h.e.t.j.p.i.JtaPlatformInitiator       : HHH000490: Using JtaPlatform implementation: [org.hibernate.engine.transaction.jta.platform.internal.NoJtaPlatform]
2023-09-07 10:30:11.245  INFO 9260 --- [    Test worker] j.LocalContainerEntityManagerFactoryBean : Initialized JPA EntityManagerFactory for persistence unit 'default'
2023-09-07 10:30:14.533  INFO 9260 --- [    Test worker] o.s.s.web.DefaultSecurityFilterChain     : Will secure any request with [org.springframework.security.web.session.DisableEncodeUrlFilter@22561412, org.springframework.security.web.context.request.async.WebAsyncManagerIntegrationFilter@32153bbe, org.springframework.security.web.context.SecurityContextPersistenceFilter@13346a64, org.springframework.security.web.header.HeaderWriterFilter@1f3dafd4, org.springframework.security.web.authentication.logout.LogoutFilter@2f69d246, org.springframework.security.web.authentication.UsernamePasswordAuthenticationFilter@481c1e92, org.springframework.security.web.savedrequest.RequestCacheAwareFilter@7a22302c, org.springframework.security.web.servletapi.SecurityContextHolderAwareRequestFilter@4af50246, org.springframework.security.web.authentication.AnonymousAuthenticationFilter@4806fbf7, org.springframework.security.web.session.SessionManagementFilter@6e664075, org.springframework.security.web.access.ExceptionTranslationFilter@6e80de85, org.springframework.security.web.access.intercept.FilterSecurityInterceptor@57777c23]
2023-09-07 10:30:15.265  WARN 9260 --- [    Test worker] JpaBaseConfiguration$JpaWebConfiguration : spring.jpa.open-in-view is enabled by default. Therefore, database queries may be performed during view rendering. Explicitly configure spring.jpa.open-in-view to disable this warning
2023-09-07 10:30:19.202  INFO 9260 --- [    Test worker] c.m.h.HomebankingApplicationTests        : Started HomebankingApplicationTests in 26.235 seconds (JVM running for 30.566)
]]></system-out>
  <system-err><![CDATA[]]></system-err>
</testsuite>
